<?xml version="1.0" encoding="UTF-8"?>
<!-- Generated by org.testng.reporters.JUnitReportReporter -->
<testsuite hostname="KUMUDA" failures="0" tests="1" name="org.HRM.Doctor_test.DocToAdminManagePat" time="4.279" errors="0" timestamp="2022-09-15T10:50:17 IST" skipped="0">
  <testcase classname="org.HRM.Doctor_test.DocToAdminManagePat" name="patientSrchTest" time="4.279"/>
  <system-out/>
</testsuite> <!-- org.HRM.Doctor_test.DocToAdminManagePat -->
