<?xml version="1.0" encoding="UTF-8"?>
<!-- Generated by org.testng.reporters.JUnitReportReporter -->
<testsuite hostname="KUMUDA" failures="0" tests="2" name="TestNgDemo.GroupDemo" time="0.007" errors="0" timestamp="2022-09-14T14:49:51 IST" skipped="0">
  <testcase classname="TestNgDemo.GroupDemo" name="testMethod1" time="0.006"/>
  <system-out/>
  <testcase classname="TestNgDemo.GroupDemo" name="testMethod3" time="0.001"/>
  <system-out/>
</testsuite> <!-- TestNgDemo.GroupDemo -->
