<?xml version="1.0" encoding="UTF-8"?>
<!-- Generated by org.testng.reporters.JUnitReportReporter -->
<testsuite hostname="KUMUDA" failures="0" tests="1" name="org.HRM.Doctor_test.PatSearchTest" time="24.446" errors="0" timestamp="2022-09-20T16:40:18 IST" skipped="0">
  <testcase classname="org.HRM.Doctor_test.PatSearchTest" name="patientSrchTest" time="24.446"/>
  <system-out/>
</testsuite> <!-- org.HRM.Doctor_test.PatSearchTest -->
