<?xml version="1.0" encoding="UTF-8"?>
<!-- Generated by org.testng.reporters.JUnitReportReporter -->
<testsuite hostname="KUMUDA" failures="0" tests="3" name="org.sdet40.admin.CustomerTest" time="0.008" errors="0" timestamp="2022-09-08T17:19:55 IST" skipped="0">
  <testcase classname="org.sdet40.admin.CustomerTest" name="modifyCustomerTest" time="0.006"/>
  <system-out/>
  <testcase classname="org.sdet40.admin.CustomerTest" name="deleteCustomerTest" time="0.001"/>
  <system-out/>
  <testcase classname="org.sdet40.admin.CustomerTest" name="createCustomerTest" time="0.001"/>
  <system-out/>
</testsuite> <!-- org.sdet40.admin.CustomerTest -->
