<?xml version="1.0" encoding="UTF-8"?>
<!-- Generated by org.testng.reporters.JUnitReportReporter -->
<testsuite hostname="KUMUDA" failures="0" tests="1" name="org.HRM.Doctor_test.AdminToDocTest" time="3.252" errors="0" timestamp="2022-09-20T16:41:43 IST" skipped="0">
  <testcase classname="org.HRM.Doctor_test.AdminToDocTest" name="adminDocTest" time="3.252"/>
  <system-out/>
</testsuite> <!-- org.HRM.Doctor_test.AdminToDocTest -->
