<?xml version="1.0" encoding="UTF-8"?>
<!-- Generated by org.testng.reporters.JUnitReportReporter -->
<testsuite hostname="KUMUDA" failures="0" tests="2" name="org.sdet40.admin.TestNGPractice" time="0.007" errors="0" timestamp="2022-09-08T14:32:37 IST" skipped="0">
  <testcase classname="org.sdet40.admin.TestNGPractice" name="step1Test" time="0.006"/>
  <system-out/>
  <testcase classname="org.sdet40.admin.TestNGPractice" name="step2Test" time="0.001"/>
  <system-out/>
</testsuite> <!-- org.sdet40.admin.TestNGPractice -->
