<?xml version="1.0" encoding="UTF-8"?>
<!-- Generated by org.testng.reporters.JUnitReportReporter -->
<testsuite hostname="KUMUDA" failures="0" tests="1" name="org.HRM.Doctor_test.PatSearchTest" time="2.802" errors="0" timestamp="2022-09-20T13:16:17 IST" skipped="0">
  <testcase classname="org.HRM.Doctor_test.PatSearchTest" name="patientSrchTest" time="2.802"/>
  <system-out/>
</testsuite> <!-- org.HRM.Doctor_test.PatSearchTest -->
